{
  "RSpec": {
    "coverage": {
      "/home/luirun/nauka/ponczki/spec/support/omniauth_macros.rb": [
        1,
        1,
        0,
        0,
        0,
        null,
        null,
        null,
        null,
        null,
        null,
        null,
        null,
        null,
        null,
        null,
        null,
        null,
        null,
        null,
        null,
        null,
        null,
        null,
        null,
        null,
        null,
        null
      ],
      "/home/luirun/nauka/ponczki/app/helpers/application_helper.rb": [
        1,
        null
      ],
      "/home/luirun/nauka/ponczki/app/helpers/bloopers_helper.rb": [
        1,
        null
      ],
      "/home/luirun/nauka/ponczki/app/helpers/teams_helper.rb": [
        1,
        null
      ],
      "/home/luirun/nauka/ponczki/app/helpers/users_helper.rb": [
        1,
        null
      ],
      "/home/luirun/nauka/ponczki/app/models/blooper.rb": [
        1,
        1,
        1,
        1,
        null,
        1,
        1,
        null,
        1,
        7,
        null,
        null,
        null,
        null,
        null,
        7,
        7,
        null,
        null,
        1,
        5,
        5,
        5,
        5,
        null,
        5,
        5,
        null,
        null
      ],
      "/home/luirun/nauka/ponczki/app/models/team.rb": [
        1,
        1,
        1,
        1,
        null,
        1,
        0,
        null,
        null,
        1,
        null,
        0,
        0,
        0,
        0,
        0,
        0,
        0,
        null,
        null,
        null,
        1,
        null,
        1,
        0,
        0,
        0,
        null,
        null,
        1,
        0,
        0,
        0,
        null,
        null,
        1,
        7,
        21,
        null,
        null
      ]
    },
    "timestamp": 1535298010
  }
}
